{ "asctime": "2025-12-11 15:28:03,587", "levelname": "INFO", "msg": "Will watch for changes in these directories: ['C:\\Users\\79153\\Desktop\\work\\fastApiProject\\services\\product_service']" }
{ "asctime": "2025-12-11 15:28:03,591", "levelname": "INFO", "msg": "Uvicorn running on http://127.0.0.1:8000 (Press CTRL+C to quit)" }
{ "asctime": "2025-12-11 15:28:03,592", "levelname": "INFO", "msg": "Started reloader process [15448] using WatchFiles" }
{ "asctime": "2025-12-11 15:28:07,188", "levelname": "INFO", "msg": "Started server process [7460]" }
{ "asctime": "2025-12-11 15:28:07,192", "levelname": "INFO", "msg": "Waiting for application startup." }
{ "asctime": "2025-12-11 15:28:09,967", "levelname": "ERROR", "msg": "Startup failed: [Errno 11001] getaddrinfo failed" }
{ "asctime": "2025-12-11 15:28:10,075", "levelname": "ERROR", "msg": "Traceback (most recent call last):
  File "C:\Users\79153\Desktop\work\fastApiProject\services\product_service\.venv\Lib\site-packages\starlette\routing.py", line 694, in lifespan
    async with self.lifespan_context(app) as maybe_state:
               ^^^^^^^^^^^^^^^^^^^^^^^^^^
  File "C:\Users\79153\AppData\Roaming\uv\python\cpython-3.12.12-windows-x86_64-none\Lib\contextlib.py", line 210, in __aenter__
    return await anext(self.gen)
           ^^^^^^^^^^^^^^^^^^^^^
  File "C:\Users\79153\Desktop\work\fastApiProject\services\product_service\.venv\Lib\site-packages\fastapi\routing.py", line 209, in merged_lifespan
    async with original_context(app) as maybe_original_state:
               ^^^^^^^^^^^^^^^^^^^^^
  File "C:\Users\79153\AppData\Roaming\uv\python\cpython-3.12.12-windows-x86_64-none\Lib\contextlib.py", line 210, in __aenter__
    return await anext(self.gen)
           ^^^^^^^^^^^^^^^^^^^^^
  File "C:\Users\79153\Desktop\work\fastApiProject\services\product_service\.venv\Lib\site-packages\fastapi\routing.py", line 209, in merged_lifespan
    async with original_context(app) as maybe_original_state:
               ^^^^^^^^^^^^^^^^^^^^^
  File "C:\Users\79153\AppData\Roaming\uv\python\cpython-3.12.12-windows-x86_64-none\Lib\contextlib.py", line 210, in __aenter__
    return await anext(self.gen)
           ^^^^^^^^^^^^^^^^^^^^^
  File "C:\Users\79153\Desktop\work\fastApiProject\services\product_service\app\main.py", line 15, in lifespan
    await DataBaseService.check_connection(log)
  File "C:\Users\79153\Desktop\work\fastApiProject\services\product_service\app\storage\postgresql\connection_service.py", line 14, in check_connection
    async with engine.connect() as conn:
               ^^^^^^^^^^^^^^^^
  File "C:\Users\79153\Desktop\work\fastApiProject\services\product_service\.venv\Lib\site-packages\sqlalchemy\ext\asyncio\base.py", line 121, in __aenter__
    return await self.start(is_ctxmanager=True)
           ^^^^^^^^^^^^^^^^^^^^^^^^^^^^^^^^^^^^
  File "C:\Users\79153\Desktop\work\fastApiProject\services\product_service\.venv\Lib\site-packages\sqlalchemy\ext\asyncio\engine.py", line 275, in start
    await greenlet_spawn(self.sync_engine.connect)
  File "C:\Users\79153\Desktop\work\fastApiProject\services\product_service\.venv\Lib\site-packages\sqlalchemy\util\_concurrency_py3k.py", line 201, in greenlet_spawn
    result = context.throw(*sys.exc_info())
             ^^^^^^^^^^^^^^^^^^^^^^^^^^^^^^
  File "C:\Users\79153\Desktop\work\fastApiProject\services\product_service\.venv\Lib\site-packages\sqlalchemy\engine\base.py", line 3277, in connect
    return self._connection_cls(self)
           ^^^^^^^^^^^^^^^^^^^^^^^^^^
  File "C:\Users\79153\Desktop\work\fastApiProject\services\product_service\.venv\Lib\site-packages\sqlalchemy\engine\base.py", line 143, in __init__
    self._dbapi_connection = engine.raw_connection()
                             ^^^^^^^^^^^^^^^^^^^^^^^
  File "C:\Users\79153\Desktop\work\fastApiProject\services\product_service\.venv\Lib\site-packages\sqlalchemy\engine\base.py", line 3301, in raw_connection
    return self.pool.connect()
           ^^^^^^^^^^^^^^^^^^^
  File "C:\Users\79153\Desktop\work\fastApiProject\services\product_service\.venv\Lib\site-packages\sqlalchemy\pool\base.py", line 447, in connect
    return _ConnectionFairy._checkout(self)
           ^^^^^^^^^^^^^^^^^^^^^^^^^^^^^^^^
  File "C:\Users\79153\Desktop\work\fastApiProject\services\product_service\.venv\Lib\site-packages\sqlalchemy\pool\base.py", line 1264, in _checkout
    fairy = _ConnectionRecord.checkout(pool)
            ^^^^^^^^^^^^^^^^^^^^^^^^^^^^^^^^
  File "C:\Users\79153\Desktop\work\fastApiProject\services\product_service\.venv\Lib\site-packages\sqlalchemy\pool\base.py", line 711, in checkout
    rec = pool._do_get()
          ^^^^^^^^^^^^^^
  File "C:\Users\79153\Desktop\work\fastApiProject\services\product_service\.venv\Lib\site-packages\sqlalchemy\pool\impl.py", line 177, in _do_get
    with util.safe_reraise():
         ^^^^^^^^^^^^^^^^^^^
  File "C:\Users\79153\Desktop\work\fastApiProject\services\product_service\.venv\Lib\site-packages\sqlalchemy\util\langhelpers.py", line 224, in __exit__
    raise exc_value.with_traceback(exc_tb)
  File "C:\Users\79153\Desktop\work\fastApiProject\services\product_service\.venv\Lib\site-packages\sqlalchemy\pool\impl.py", line 175, in _do_get
    return self._create_connection()
           ^^^^^^^^^^^^^^^^^^^^^^^^^
  File "C:\Users\79153\Desktop\work\fastApiProject\services\product_service\.venv\Lib\site-packages\sqlalchemy\pool\base.py", line 388, in _create_connection
    return _ConnectionRecord(self)
           ^^^^^^^^^^^^^^^^^^^^^^^
  File "C:\Users\79153\Desktop\work\fastApiProject\services\product_service\.venv\Lib\site-packages\sqlalchemy\pool\base.py", line 673, in __init__
    self.__connect()
  File "C:\Users\79153\Desktop\work\fastApiProject\services\product_service\.venv\Lib\site-packages\sqlalchemy\pool\base.py", line 899, in __connect
    with util.safe_reraise():
         ^^^^^^^^^^^^^^^^^^^
  File "C:\Users\79153\Desktop\work\fastApiProject\services\product_service\.venv\Lib\site-packages\sqlalchemy\util\langhelpers.py", line 224, in __exit__
    raise exc_value.with_traceback(exc_tb)
  File "C:\Users\79153\Desktop\work\fastApiProject\services\product_service\.venv\Lib\site-packages\sqlalchemy\pool\base.py", line 895, in __connect
    self.dbapi_connection = connection = pool._invoke_creator(self)
                                         ^^^^^^^^^^^^^^^^^^^^^^^^^^
  File "C:\Users\79153\Desktop\work\fastApiProject\services\product_service\.venv\Lib\site-packages\sqlalchemy\engine\create.py", line 661, in connect
    return dialect.connect(*cargs, **cparams)
           ^^^^^^^^^^^^^^^^^^^^^^^^^^^^^^^^^^
  File "C:\Users\79153\Desktop\work\fastApiProject\services\product_service\.venv\Lib\site-packages\sqlalchemy\engine\default.py", line 629, in connect
    return self.loaded_dbapi.connect(*cargs, **cparams)  # type: ignore[no-any-return]  # NOQA: E501
           ^^^^^^^^^^^^^^^^^^^^^^^^^^^^^^^^^^^^^^^^^^^^
  File "C:\Users\79153\Desktop\work\fastApiProject\services\product_service\.venv\Lib\site-packages\sqlalchemy\dialects\postgresql\asyncpg.py", line 955, in connect
    await_only(creator_fn(*arg, **kw)),
    ^^^^^^^^^^^^^^^^^^^^^^^^^^^^^^^^^^
  File "C:\Users\79153\Desktop\work\fastApiProject\services\product_service\.venv\Lib\site-packages\sqlalchemy\util\_concurrency_py3k.py", line 132, in await_only
    return current.parent.switch(awaitable)  # type: ignore[no-any-return,attr-defined] # noqa: E501
           ^^^^^^^^^^^^^^^^^^^^^^^^^^^^^^^^
  File "C:\Users\79153\Desktop\work\fastApiProject\services\product_service\.venv\Lib\site-packages\sqlalchemy\util\_concurrency_py3k.py", line 196, in greenlet_spawn
    value = await result
            ^^^^^^^^^^^^
  File "C:\Users\79153\Desktop\work\fastApiProject\services\product_service\.venv\Lib\site-packages\asyncpg\connection.py", line 2421, in connect
    return await connect_utils._connect(
           ^^^^^^^^^^^^^^^^^^^^^^^^^^^^^
  File "C:\Users\79153\Desktop\work\fastApiProject\services\product_service\.venv\Lib\site-packages\asyncpg\connect_utils.py", line 1075, in _connect
    raise last_error or exceptions.TargetServerAttributeNotMatched(
  File "C:\Users\79153\Desktop\work\fastApiProject\services\product_service\.venv\Lib\site-packages\asyncpg\connect_utils.py", line 1049, in _connect
    conn = await _connect_addr(
           ^^^^^^^^^^^^^^^^^^^^
  File "C:\Users\79153\Desktop\work\fastApiProject\services\product_service\.venv\Lib\site-packages\asyncpg\connect_utils.py", line 886, in _connect_addr
    return await __connect_addr(params, True, *args)
           ^^^^^^^^^^^^^^^^^^^^^^^^^^^^^^^^^^^^^^^^^
  File "C:\Users\79153\Desktop\work\fastApiProject\services\product_service\.venv\Lib\site-packages\asyncpg\connect_utils.py", line 931, in __connect_addr
    tr, pr = await connector
             ^^^^^^^^^^^^^^^
  File "C:\Users\79153\Desktop\work\fastApiProject\services\product_service\.venv\Lib\site-packages\asyncpg\connect_utils.py", line 802, in _create_ssl_connection
    tr, pr = await loop.create_connection(
             ^^^^^^^^^^^^^^^^^^^^^^^^^^^^^
  File "C:\Users\79153\AppData\Roaming\uv\python\cpython-3.12.12-windows-x86_64-none\Lib\asyncio\base_events.py", line 1083, in create_connection
    infos = await self._ensure_resolved(
            ^^^^^^^^^^^^^^^^^^^^^^^^^^^^
  File "C:\Users\79153\AppData\Roaming\uv\python\cpython-3.12.12-windows-x86_64-none\Lib\asyncio\base_events.py", line 1466, in _ensure_resolved
    return await loop.getaddrinfo(host, port, family=family, type=type,
           ^^^^^^^^^^^^^^^^^^^^^^^^^^^^^^^^^^^^^^^^^^^^^^^^^^^^^^^^^^^^
  File "C:\Users\79153\AppData\Roaming\uv\python\cpython-3.12.12-windows-x86_64-none\Lib\asyncio\base_events.py", line 905, in getaddrinfo
    return await self.run_in_executor(
           ^^^^^^^^^^^^^^^^^^^^^^^^^^^
  File "C:\Users\79153\AppData\Roaming\uv\python\cpython-3.12.12-windows-x86_64-none\Lib\concurrent\futures\thread.py", line 59, in run
    result = self.fn(*self.args, **self.kwargs)
             ^^^^^^^^^^^^^^^^^^^^^^^^^^^^^^^^^^
  File "C:\Users\79153\AppData\Roaming\uv\python\cpython-3.12.12-windows-x86_64-none\Lib\socket.py", line 978, in getaddrinfo
    for res in _socket.getaddrinfo(host, port, family, type, proto, flags):
               ^^^^^^^^^^^^^^^^^^^^^^^^^^^^^^^^^^^^^^^^^^^^^^^^^^^^^^^^^^^
socket.gaierror: [Errno 11001] getaddrinfo failed
" }
{ "asctime": "2025-12-11 15:28:10,230", "levelname": "ERROR", "msg": "Application startup failed. Exiting." }
{ "asctime": "2025-12-11 15:29:07,516", "levelname": "INFO", "msg": "Stopping reloader process [15448]" }
{ "asctime": "2025-12-11 15:30:19,837", "levelname": "INFO", "msg": "Will watch for changes in these directories: ['C:\\Users\\79153\\Desktop\\work\\fastApiProject\\services\\product_service']" }
{ "asctime": "2025-12-11 15:30:19,844", "levelname": "INFO", "msg": "Uvicorn running on http://127.0.0.1:8000 (Press CTRL+C to quit)" }
{ "asctime": "2025-12-11 15:30:19,848", "levelname": "INFO", "msg": "Started reloader process [11180] using WatchFiles" }
{ "asctime": "2025-12-11 15:30:25,163", "levelname": "INFO", "msg": "Started server process [13836]" }
{ "asctime": "2025-12-11 15:30:25,165", "levelname": "INFO", "msg": "Waiting for application startup." }
{ "asctime": "2025-12-11 15:30:27,912", "levelname": "ERROR", "msg": "Startup failed: [Errno 11001] getaddrinfo failed" }
{ "asctime": "2025-12-11 15:30:27,935", "levelname": "ERROR", "msg": "Traceback (most recent call last):
  File "C:\Users\79153\Desktop\work\fastApiProject\services\product_service\.venv\Lib\site-packages\starlette\routing.py", line 694, in lifespan
    async with self.lifespan_context(app) as maybe_state:
               ^^^^^^^^^^^^^^^^^^^^^^^^^^
  File "C:\Users\79153\AppData\Roaming\uv\python\cpython-3.12.12-windows-x86_64-none\Lib\contextlib.py", line 210, in __aenter__
    return await anext(self.gen)
           ^^^^^^^^^^^^^^^^^^^^^
  File "C:\Users\79153\Desktop\work\fastApiProject\services\product_service\.venv\Lib\site-packages\fastapi\routing.py", line 209, in merged_lifespan
    async with original_context(app) as maybe_original_state:
               ^^^^^^^^^^^^^^^^^^^^^
  File "C:\Users\79153\AppData\Roaming\uv\python\cpython-3.12.12-windows-x86_64-none\Lib\contextlib.py", line 210, in __aenter__
    return await anext(self.gen)
           ^^^^^^^^^^^^^^^^^^^^^
  File "C:\Users\79153\Desktop\work\fastApiProject\services\product_service\.venv\Lib\site-packages\fastapi\routing.py", line 209, in merged_lifespan
    async with original_context(app) as maybe_original_state:
               ^^^^^^^^^^^^^^^^^^^^^
  File "C:\Users\79153\AppData\Roaming\uv\python\cpython-3.12.12-windows-x86_64-none\Lib\contextlib.py", line 210, in __aenter__
    return await anext(self.gen)
           ^^^^^^^^^^^^^^^^^^^^^
  File "C:\Users\79153\Desktop\work\fastApiProject\services\product_service\app\main.py", line 15, in lifespan
    await DataBaseService.check_connection(log)
  File "C:\Users\79153\Desktop\work\fastApiProject\services\product_service\app\storage\postgresql\connection_service.py", line 14, in check_connection
    async with engine.connect() as conn:
               ^^^^^^^^^^^^^^^^
  File "C:\Users\79153\Desktop\work\fastApiProject\services\product_service\.venv\Lib\site-packages\sqlalchemy\ext\asyncio\base.py", line 121, in __aenter__
    return await self.start(is_ctxmanager=True)
           ^^^^^^^^^^^^^^^^^^^^^^^^^^^^^^^^^^^^
  File "C:\Users\79153\Desktop\work\fastApiProject\services\product_service\.venv\Lib\site-packages\sqlalchemy\ext\asyncio\engine.py", line 275, in start
    await greenlet_spawn(self.sync_engine.connect)
  File "C:\Users\79153\Desktop\work\fastApiProject\services\product_service\.venv\Lib\site-packages\sqlalchemy\util\_concurrency_py3k.py", line 201, in greenlet_spawn
    result = context.throw(*sys.exc_info())
             ^^^^^^^^^^^^^^^^^^^^^^^^^^^^^^
  File "C:\Users\79153\Desktop\work\fastApiProject\services\product_service\.venv\Lib\site-packages\sqlalchemy\engine\base.py", line 3277, in connect
    return self._connection_cls(self)
           ^^^^^^^^^^^^^^^^^^^^^^^^^^
  File "C:\Users\79153\Desktop\work\fastApiProject\services\product_service\.venv\Lib\site-packages\sqlalchemy\engine\base.py", line 143, in __init__
    self._dbapi_connection = engine.raw_connection()
                             ^^^^^^^^^^^^^^^^^^^^^^^
  File "C:\Users\79153\Desktop\work\fastApiProject\services\product_service\.venv\Lib\site-packages\sqlalchemy\engine\base.py", line 3301, in raw_connection
    return self.pool.connect()
           ^^^^^^^^^^^^^^^^^^^
  File "C:\Users\79153\Desktop\work\fastApiProject\services\product_service\.venv\Lib\site-packages\sqlalchemy\pool\base.py", line 447, in connect
    return _ConnectionFairy._checkout(self)
           ^^^^^^^^^^^^^^^^^^^^^^^^^^^^^^^^
  File "C:\Users\79153\Desktop\work\fastApiProject\services\product_service\.venv\Lib\site-packages\sqlalchemy\pool\base.py", line 1264, in _checkout
    fairy = _ConnectionRecord.checkout(pool)
            ^^^^^^^^^^^^^^^^^^^^^^^^^^^^^^^^
  File "C:\Users\79153\Desktop\work\fastApiProject\services\product_service\.venv\Lib\site-packages\sqlalchemy\pool\base.py", line 711, in checkout
    rec = pool._do_get()
          ^^^^^^^^^^^^^^
  File "C:\Users\79153\Desktop\work\fastApiProject\services\product_service\.venv\Lib\site-packages\sqlalchemy\pool\impl.py", line 177, in _do_get
    with util.safe_reraise():
         ^^^^^^^^^^^^^^^^^^^
  File "C:\Users\79153\Desktop\work\fastApiProject\services\product_service\.venv\Lib\site-packages\sqlalchemy\util\langhelpers.py", line 224, in __exit__
    raise exc_value.with_traceback(exc_tb)
  File "C:\Users\79153\Desktop\work\fastApiProject\services\product_service\.venv\Lib\site-packages\sqlalchemy\pool\impl.py", line 175, in _do_get
    return self._create_connection()
           ^^^^^^^^^^^^^^^^^^^^^^^^^
  File "C:\Users\79153\Desktop\work\fastApiProject\services\product_service\.venv\Lib\site-packages\sqlalchemy\pool\base.py", line 388, in _create_connection
    return _ConnectionRecord(self)
           ^^^^^^^^^^^^^^^^^^^^^^^
  File "C:\Users\79153\Desktop\work\fastApiProject\services\product_service\.venv\Lib\site-packages\sqlalchemy\pool\base.py", line 673, in __init__
    self.__connect()
  File "C:\Users\79153\Desktop\work\fastApiProject\services\product_service\.venv\Lib\site-packages\sqlalchemy\pool\base.py", line 899, in __connect
    with util.safe_reraise():
         ^^^^^^^^^^^^^^^^^^^
  File "C:\Users\79153\Desktop\work\fastApiProject\services\product_service\.venv\Lib\site-packages\sqlalchemy\util\langhelpers.py", line 224, in __exit__
    raise exc_value.with_traceback(exc_tb)
  File "C:\Users\79153\Desktop\work\fastApiProject\services\product_service\.venv\Lib\site-packages\sqlalchemy\pool\base.py", line 895, in __connect
    self.dbapi_connection = connection = pool._invoke_creator(self)
                                         ^^^^^^^^^^^^^^^^^^^^^^^^^^
  File "C:\Users\79153\Desktop\work\fastApiProject\services\product_service\.venv\Lib\site-packages\sqlalchemy\engine\create.py", line 661, in connect
    return dialect.connect(*cargs, **cparams)
           ^^^^^^^^^^^^^^^^^^^^^^^^^^^^^^^^^^
  File "C:\Users\79153\Desktop\work\fastApiProject\services\product_service\.venv\Lib\site-packages\sqlalchemy\engine\default.py", line 629, in connect
    return self.loaded_dbapi.connect(*cargs, **cparams)  # type: ignore[no-any-return]  # NOQA: E501
           ^^^^^^^^^^^^^^^^^^^^^^^^^^^^^^^^^^^^^^^^^^^^
  File "C:\Users\79153\Desktop\work\fastApiProject\services\product_service\.venv\Lib\site-packages\sqlalchemy\dialects\postgresql\asyncpg.py", line 955, in connect
    await_only(creator_fn(*arg, **kw)),
    ^^^^^^^^^^^^^^^^^^^^^^^^^^^^^^^^^^
  File "C:\Users\79153\Desktop\work\fastApiProject\services\product_service\.venv\Lib\site-packages\sqlalchemy\util\_concurrency_py3k.py", line 132, in await_only
    return current.parent.switch(awaitable)  # type: ignore[no-any-return,attr-defined] # noqa: E501
           ^^^^^^^^^^^^^^^^^^^^^^^^^^^^^^^^
  File "C:\Users\79153\Desktop\work\fastApiProject\services\product_service\.venv\Lib\site-packages\sqlalchemy\util\_concurrency_py3k.py", line 196, in greenlet_spawn
    value = await result
            ^^^^^^^^^^^^
  File "C:\Users\79153\Desktop\work\fastApiProject\services\product_service\.venv\Lib\site-packages\asyncpg\connection.py", line 2421, in connect
    return await connect_utils._connect(
           ^^^^^^^^^^^^^^^^^^^^^^^^^^^^^
  File "C:\Users\79153\Desktop\work\fastApiProject\services\product_service\.venv\Lib\site-packages\asyncpg\connect_utils.py", line 1075, in _connect
    raise last_error or exceptions.TargetServerAttributeNotMatched(
  File "C:\Users\79153\Desktop\work\fastApiProject\services\product_service\.venv\Lib\site-packages\asyncpg\connect_utils.py", line 1049, in _connect
    conn = await _connect_addr(
           ^^^^^^^^^^^^^^^^^^^^
  File "C:\Users\79153\Desktop\work\fastApiProject\services\product_service\.venv\Lib\site-packages\asyncpg\connect_utils.py", line 886, in _connect_addr
    return await __connect_addr(params, True, *args)
           ^^^^^^^^^^^^^^^^^^^^^^^^^^^^^^^^^^^^^^^^^
  File "C:\Users\79153\Desktop\work\fastApiProject\services\product_service\.venv\Lib\site-packages\asyncpg\connect_utils.py", line 931, in __connect_addr
    tr, pr = await connector
             ^^^^^^^^^^^^^^^
  File "C:\Users\79153\Desktop\work\fastApiProject\services\product_service\.venv\Lib\site-packages\asyncpg\connect_utils.py", line 802, in _create_ssl_connection
    tr, pr = await loop.create_connection(
             ^^^^^^^^^^^^^^^^^^^^^^^^^^^^^
  File "C:\Users\79153\AppData\Roaming\uv\python\cpython-3.12.12-windows-x86_64-none\Lib\asyncio\base_events.py", line 1083, in create_connection
    infos = await self._ensure_resolved(
            ^^^^^^^^^^^^^^^^^^^^^^^^^^^^
  File "C:\Users\79153\AppData\Roaming\uv\python\cpython-3.12.12-windows-x86_64-none\Lib\asyncio\base_events.py", line 1466, in _ensure_resolved
    return await loop.getaddrinfo(host, port, family=family, type=type,
           ^^^^^^^^^^^^^^^^^^^^^^^^^^^^^^^^^^^^^^^^^^^^^^^^^^^^^^^^^^^^
  File "C:\Users\79153\AppData\Roaming\uv\python\cpython-3.12.12-windows-x86_64-none\Lib\asyncio\base_events.py", line 905, in getaddrinfo
    return await self.run_in_executor(
           ^^^^^^^^^^^^^^^^^^^^^^^^^^^
  File "C:\Users\79153\AppData\Roaming\uv\python\cpython-3.12.12-windows-x86_64-none\Lib\concurrent\futures\thread.py", line 59, in run
    result = self.fn(*self.args, **self.kwargs)
             ^^^^^^^^^^^^^^^^^^^^^^^^^^^^^^^^^^
  File "C:\Users\79153\AppData\Roaming\uv\python\cpython-3.12.12-windows-x86_64-none\Lib\socket.py", line 978, in getaddrinfo
    for res in _socket.getaddrinfo(host, port, family, type, proto, flags):
               ^^^^^^^^^^^^^^^^^^^^^^^^^^^^^^^^^^^^^^^^^^^^^^^^^^^^^^^^^^^
socket.gaierror: [Errno 11001] getaddrinfo failed
" }
{ "asctime": "2025-12-11 15:30:27,969", "levelname": "ERROR", "msg": "Application startup failed. Exiting." }
{ "asctime": "2025-12-11 15:30:52,617", "levelname": "INFO", "msg": "Stopping reloader process [11180]" }
